<?xml version="1.0" encoding="UTF-8"?>
<!-- Generated by org.testng.reporters.JUnitXMLReporter -->
<testsuite hostname="LAPTOP-F68V0COG" ignored="2" name="Test2" tests="2" failures="1" timestamp="2020-03-14T11:33:47 IST" time="39.476" errors="0">
  <testcase name="logintest" time="19.065" classname="com.mavenproj.testcases.TC_Logintest_001"/>
  <testcase name="loginTest" time="0.0" classname="com.mavenproj.testcases.TC_LOGINDDT_002">
    <failure type="org.testng.TestNGException" message="
Method public void com.mavenproj.testcases.TC_LOGINDDT_002.loginTest(java.lang.String,java.lang.String) throws java.io.IOException,java.lang.InterruptedException requires a @DataProvider named : LogingData">
      <![CDATA[org.testng.TestNGException: 
Method public void com.mavenproj.testcases.TC_LOGINDDT_002.loginTest(java.lang.String,java.lang.String) throws java.io.IOException,java.lang.InterruptedException requires a @DataProvider named : LogingData
at java.util.ArrayList.forEach(Unknown Source)
... Removed 24 stack frames]]>
    </failure>
  </testcase> <!-- loginTest -->
  <testcase name="@AfterTest teardown" time="0.0" classname="com.mavenproj.pageobjects.Baseclass">
    <ignored/>
  </testcase> <!-- @AfterTest teardown -->
  <testcase name="@BeforeTest setup" time="0.0" classname="com.mavenproj.pageobjects.Baseclass">
    <ignored/>
  </testcase> <!-- @BeforeTest setup -->
</testsuite> <!-- Test2 -->
