<?xml version="1.0" encoding="UTF-8"?>
<!-- Generated by org.testng.reporters.JUnitXMLReporter -->
<testsuite hostname="LAPTOP-F68V0COG" ignored="0" name="Test1" tests="11" failures="2" timestamp="2020-03-11T15:34:05 IST" time="18.938" errors="0">
  <testcase name="launch" time="3.02" classname="testpackage.Crossbrowsertest">
    <failure type="org.openqa.selenium.SessionNotCreatedException" message="Unexpected error launching Internet Explorer. Browser zoom level was set to 125%. It should be set to 100%
Build info: version: &amp;apos;3.141.59&amp;apos;, revision: &amp;apos;e82be7d358&amp;apos;, time: &amp;apos;2018-11-14T08:25:48&amp;apos;
System info: host: &amp;apos;LAPTOP-F68V0COG&amp;apos;, ip: &amp;apos;192.168.43.16&amp;apos;, os.name: &amp;apos;Windows 10&amp;apos;, os.arch: &amp;apos;amd64&amp;apos;, os.version: &amp;apos;10.0&amp;apos;, java.version: &amp;apos;1.8.0_221&amp;apos;
Driver info: driver.version: InternetExplorerDriver
remote stacktrace: ">
      <![CDATA[org.openqa.selenium.SessionNotCreatedException: Unexpected error launching Internet Explorer. Browser zoom level was set to 125%. It should be set to 100%
Build info: version: '3.141.59', revision: 'e82be7d358', time: '2018-11-14T08:25:48'
System info: host: 'LAPTOP-F68V0COG', ip: '192.168.43.16', os.name: 'Windows 10', os.arch: 'amd64', os.version: '10.0', java.version: '1.8.0_221'
Driver info: driver.version: InternetExplorerDriver
remote stacktrace: 
at org.openqa.selenium.remote.W3CHandshakeResponse.lambda$errorHandler$0(W3CHandshakeResponse.java:62)
at org.openqa.selenium.remote.HandshakeResponse.lambda$getResponseFunction$0(HandshakeResponse.java:30)
at org.openqa.selenium.remote.ProtocolHandshake.lambda$createSession$0(ProtocolHandshake.java:126)
at java.util.stream.ReferencePipeline$3$1.accept(Unknown Source)
at java.util.Spliterators$ArraySpliterator.tryAdvance(Unknown Source)
at java.util.stream.ReferencePipeline.forEachWithCancel(Unknown Source)
at java.util.stream.AbstractPipeline.copyIntoWithCancel(Unknown Source)
at java.util.stream.AbstractPipeline.copyInto(Unknown Source)
at java.util.stream.AbstractPipeline.wrapAndCopyInto(Unknown Source)
at java.util.stream.FindOps$FindOp.evaluateSequential(Unknown Source)
at java.util.stream.AbstractPipeline.evaluate(Unknown Source)
at java.util.stream.ReferencePipeline.findFirst(Unknown Source)
at org.openqa.selenium.remote.ProtocolHandshake.createSession(ProtocolHandshake.java:128)
at org.openqa.selenium.remote.ProtocolHandshake.createSession(ProtocolHandshake.java:74)
at org.openqa.selenium.remote.HttpCommandExecutor.execute(HttpCommandExecutor.java:136)
at org.openqa.selenium.remote.service.DriverCommandExecutor.execute(DriverCommandExecutor.java:83)
at org.openqa.selenium.remote.RemoteWebDriver.execute(RemoteWebDriver.java:552)
at org.openqa.selenium.remote.RemoteWebDriver.startSession(RemoteWebDriver.java:213)
at org.openqa.selenium.ie.InternetExplorerDriver.run(InternetExplorerDriver.java:221)
at org.openqa.selenium.ie.InternetExplorerDriver.<init>(InternetExplorerDriver.java:213)
at org.openqa.selenium.ie.InternetExplorerDriver.<init>(InternetExplorerDriver.java:150)
at testpackage.Crossbrowsertest.launch(Crossbrowsertest.java:30)
at java.util.ArrayList.forEach(Unknown Source)
at java.util.concurrent.FutureTask.run(Unknown Source)
at java.util.concurrent.ThreadPoolExecutor.runWorker(Unknown Source)
at java.util.concurrent.ThreadPoolExecutor$Worker.run(Unknown Source)
at java.lang.Thread.run(Unknown Source)
... Removed 22 stack frames]]>
    </failure>
  </testcase> <!-- launch -->
  <testcase name="verifytitle" time="0.001" classname="testpackage.Crossbrowsertest"/>
  <testcase name="registration" time="0.002" classname="testpackage.Crossbrowsertest"/>
  <testcase name="closebrowser" time="0.002" classname="testpackage.Crossbrowsertest">
    <failure type="java.lang.NullPointerException">
      <![CDATA[java.lang.NullPointerException
at testpackage.Crossbrowsertest.closebrowser(Crossbrowsertest.java:46)
at java.util.ArrayList.forEach(Unknown Source)
at java.util.concurrent.FutureTask.run(Unknown Source)
at java.util.concurrent.ThreadPoolExecutor.runWorker(Unknown Source)
at java.util.concurrent.ThreadPoolExecutor$Worker.run(Unknown Source)
at java.lang.Thread.run(Unknown Source)
... Removed 18 stack frames]]>
    </failure>
  </testcase> <!-- closebrowser -->
  <testcase name="launch" time="17.673" classname="testpackage.Crossbrowsertest"/>
  <testcase name="verifytitle" time="0.002" classname="testpackage.Crossbrowsertest"/>
  <testcase name="registration" time="0.002" classname="testpackage.Crossbrowsertest"/>
  <testcase name="launch" time="18.272" classname="testpackage.Crossbrowsertest"/>
  <testcase name="verifytitle" time="0.004" classname="testpackage.Crossbrowsertest"/>
  <testcase name="registration" time="0.003" classname="testpackage.Crossbrowsertest"/>
  <testcase name="closebrowser" time="0.608" classname="testpackage.Crossbrowsertest"/>
</testsuite> <!-- Test1 -->
