<?xml version="1.0" encoding="UTF-8"?>
<!-- Generated by org.testng.reporters.JUnitXMLReporter -->
<testsuite hostname="LAPTOP-F68V0COG" ignored="0" name="Test" tests="3" failures="0" timestamp="2020-02-25T14:51:34 IST" time="0.118" errors="0">
  <testcase name="loginByEmail" time="0.027" classname="listernerspackage.Logintest"/>
  <testcase name="loginByFfacebook" time="0.003" classname="listernerspackage.Logintest"/>
  <testcase name="setup" time="0.003" classname="listernerspackage.Logintest"/>
</testsuite> <!-- Test -->
