<?xml version="1.0" encoding="UTF-8"?>
<testng-results skipped="0" failed="0" ignored="0" total="3" passed="3">
  <reporter-output>
  </reporter-output>
  <suite name="Suite" duration-ms="118" started-at="2020-02-25T14:51:34 IST" finished-at="2020-02-25T14:51:34 IST">
    <groups>
    </groups>
    <test name="Test" duration-ms="118" started-at="2020-02-25T14:51:34 IST" finished-at="2020-02-25T14:51:34 IST">
      <class name="listernerspackage.Logintest">
        <test-method status="PASS" signature="loginByEmail()[pri:0, instance:listernerspackage.Logintest@a67c67e]" name="loginByEmail" duration-ms="27" started-at="2020-02-25T14:51:34 IST" finished-at="2020-02-25T14:51:34 IST">
          <reporter-output>
          </reporter-output>
        </test-method> <!-- loginByEmail -->
        <test-method status="PASS" signature="loginByFfacebook()[pri:0, instance:listernerspackage.Logintest@a67c67e]" name="loginByFfacebook" duration-ms="3" started-at="2020-02-25T14:51:34 IST" finished-at="2020-02-25T14:51:34 IST">
          <reporter-output>
          </reporter-output>
        </test-method> <!-- loginByFfacebook -->
        <test-method status="PASS" signature="setup()[pri:0, instance:listernerspackage.Logintest@a67c67e]" name="setup" duration-ms="3" started-at="2020-02-25T14:51:34 IST" finished-at="2020-02-25T14:51:34 IST">
          <reporter-output>
          </reporter-output>
        </test-method> <!-- setup -->
      </class> <!-- listernerspackage.Logintest -->
    </test> <!-- Test -->
  </suite> <!-- Suite -->
</testng-results>
