<?xml version="1.0" encoding="UTF-8"?>
<testsuite xmlns:xsi="http://www.w3.org/2001/XMLSchema-instance" xsi:noNamespaceSchemaLocation="https://maven.apache.org/surefire/maven-surefire-plugin/xsd/surefire-test-report-3.0.xsd" version="3.0" name="TestSuite" time="6.987" tests="8" errors="0" skipped="7" failures="1">
  <properties>
[...]
</properties>
  <testcase name="setup" classname="com.mavenproj.testcases.TC_Logintest_001" time="4.352">
    <failure message="unknown error: cannot find Chrome binary&#10;Build info: version: &apos;3.141.59&apos;, revision: &apos;e82be7d358&apos;, time: &apos;2018-11-14T08:17:03&apos;&#10;System info: host: &apos;LAPTOP-F68V0COG&apos;, ip: &apos;192.168.56.1&apos;, os.name: &apos;Windows 10&apos;, os.arch: &apos;amd64&apos;, os.version: &apos;10.0&apos;, java.version: &apos;1.8.0_221&apos;&#10;Driver info: driver.version: ChromeDriver&#10;remote stacktrace: Backtrace:&#10;	Ordinal0 [0x00760C83+1707139]&#10;	Ordinal0 [0x006C68F1+1075441]&#10;	Ordinal0 [0x0063DFC9+516041]&#10;	Ordinal0 [0x005CC70E+50958]&#10;	Ordinal0 [0x005EBFD7+180183]&#10;	Ordinal0 [0x005EBDDD+179677]&#10;	Ordinal0 [0x005E9D4B+171339]&#10;	Ordinal0 [0x005D1D4A+73034]&#10;	Ordinal0 [0x005D2DC0+77248]&#10;	Ordinal0 [0x005D2D59+77145]&#10;	Ordinal0 [0x006DBB67+1162087]&#10;	GetHandleVerifier [0x007FA966+508998]&#10;	GetHandleVerifier [0x007FA6A4+508292]&#10;	GetHandleVerifier [0x0080F7B7+594583]&#10;	GetHandleVerifier [0x007FB1D6+511158]&#10;	Ordinal0 [0x006D402C+1130540]&#10;	Ordinal0 [0x006DD4CB+1168587]&#10;	Ordinal0 [0x006DD633+1168947]&#10;	Ordinal0 [0x006F5B35+1268533]&#10;	BaseThreadInitThunk [0x76D26359+25]&#10;	RtlGetAppContainerNamedObjectPath [0x76ED7B74+228]&#10;	RtlGetAppContainerNamedObjectPath [0x76ED7B44+180]&#10;" type="org.openqa.selenium.WebDriverException"><![CDATA[org.openqa.selenium.WebDriverException: 
unknown error: cannot find Chrome binary
Build info: version: '3.141.59', revision: 'e82be7d358', time: '2018-11-14T08:17:03'
System info: host: 'LAPTOP-F68V0COG', ip: '192.168.56.1', os.name: 'Windows 10', os.arch: 'amd64', os.version: '10.0', java.version: '1.8.0_221'
Driver info: driver.version: ChromeDriver
remote stacktrace: Backtrace:
	Ordinal0 [0x00760C83+1707139]
	Ordinal0 [0x006C68F1+1075441]
	Ordinal0 [0x0063DFC9+516041]
	Ordinal0 [0x005CC70E+50958]
	Ordinal0 [0x005EBFD7+180183]
	Ordinal0 [0x005EBDDD+179677]
	Ordinal0 [0x005E9D4B+171339]
	Ordinal0 [0x005D1D4A+73034]
	Ordinal0 [0x005D2DC0+77248]
	Ordinal0 [0x005D2D59+77145]
	Ordinal0 [0x006DBB67+1162087]
	GetHandleVerifier [0x007FA966+508998]
	GetHandleVerifier [0x007FA6A4+508292]
	GetHandleVerifier [0x0080F7B7+594583]
	GetHandleVerifier [0x007FB1D6+511158]
	Ordinal0 [0x006D402C+1130540]
	Ordinal0 [0x006DD4CB+1168587]
	Ordinal0 [0x006DD633+1168947]
	Ordinal0 [0x006F5B35+1268533]
	BaseThreadInitThunk [0x76D26359+25]
	RtlGetAppContainerNamedObjectPath [0x76ED7B74+228]
	RtlGetAppContainerNamedObjectPath [0x76ED7B44+180]

]]></failure>
    <system-err><![CDATA[Starting ChromeDriver 80.0.3987.106 (f68069574609230cf9b635cd784cfb1bf81bb53a-refs/branch-heads/3987@{#882}) on port 5573
Only local connections are allowed.
Please protect ports used by ChromeDriver and related test frameworks to prevent access by malicious code.
]]></system-err>
  </testcase>
  <testcase name="logintest" classname="com.mavenproj.testcases.TC_Logintest_001" time="0">
    <skipped message="unknown error: cannot find Chrome binary&#10;Build info: version: &apos;3.141.59&apos;, revision: &apos;e82be7d358&apos;, time: &apos;2018-11-14T08:17:03&apos;&#10;System info: host: &apos;LAPTOP-F68V0COG&apos;, ip: &apos;192.168.56.1&apos;, os.name: &apos;Windows 10&apos;, os.arch: &apos;amd64&apos;, os.version: &apos;10.0&apos;, java.version: &apos;1.8.0_221&apos;&#10;Driver info: driver.version: ChromeDriver&#10;remote stacktrace: Backtrace:&#10;	Ordinal0 [0x00760C83+1707139]&#10;	Ordinal0 [0x006C68F1+1075441]&#10;	Ordinal0 [0x0063DFC9+516041]&#10;	Ordinal0 [0x005CC70E+50958]&#10;	Ordinal0 [0x005EBFD7+180183]&#10;	Ordinal0 [0x005EBDDD+179677]&#10;	Ordinal0 [0x005E9D4B+171339]&#10;	Ordinal0 [0x005D1D4A+73034]&#10;	Ordinal0 [0x005D2DC0+77248]&#10;	Ordinal0 [0x005D2D59+77145]&#10;	Ordinal0 [0x006DBB67+1162087]&#10;	GetHandleVerifier [0x007FA966+508998]&#10;	GetHandleVerifier [0x007FA6A4+508292]&#10;	GetHandleVerifier [0x0080F7B7+594583]&#10;	GetHandleVerifier [0x007FB1D6+511158]&#10;	Ordinal0 [0x006D402C+1130540]&#10;	Ordinal0 [0x006DD4CB+1168587]&#10;	Ordinal0 [0x006DD633+1168947]&#10;	Ordinal0 [0x006F5B35+1268533]&#10;	BaseThreadInitThunk [0x76D26359+25]&#10;	RtlGetAppContainerNamedObjectPath [0x76ED7B74+228]&#10;	RtlGetAppContainerNamedObjectPath [0x76ED7B44+180]&#10;"/>
  </testcase>
  <testcase name="teardown" classname="com.mavenproj.testcases.TC_Logintest_001" time="0">
    <skipped/>
  </testcase>
  <testcase name="loginTest" classname="com.mavenproj.testcases.TC_LoginDDT_002" time="0">
    <skipped message="unknown error: cannot find Chrome binary&#10;Build info: version: &apos;3.141.59&apos;, revision: &apos;e82be7d358&apos;, time: &apos;2018-11-14T08:17:03&apos;&#10;System info: host: &apos;LAPTOP-F68V0COG&apos;, ip: &apos;192.168.56.1&apos;, os.name: &apos;Windows 10&apos;, os.arch: &apos;amd64&apos;, os.version: &apos;10.0&apos;, java.version: &apos;1.8.0_221&apos;&#10;Driver info: driver.version: ChromeDriver&#10;remote stacktrace: Backtrace:&#10;	Ordinal0 [0x00760C83+1707139]&#10;	Ordinal0 [0x006C68F1+1075441]&#10;	Ordinal0 [0x0063DFC9+516041]&#10;	Ordinal0 [0x005CC70E+50958]&#10;	Ordinal0 [0x005EBFD7+180183]&#10;	Ordinal0 [0x005EBDDD+179677]&#10;	Ordinal0 [0x005E9D4B+171339]&#10;	Ordinal0 [0x005D1D4A+73034]&#10;	Ordinal0 [0x005D2DC0+77248]&#10;	Ordinal0 [0x005D2D59+77145]&#10;	Ordinal0 [0x006DBB67+1162087]&#10;	GetHandleVerifier [0x007FA966+508998]&#10;	GetHandleVerifier [0x007FA6A4+508292]&#10;	GetHandleVerifier [0x0080F7B7+594583]&#10;	GetHandleVerifier [0x007FB1D6+511158]&#10;	Ordinal0 [0x006D402C+1130540]&#10;	Ordinal0 [0x006DD4CB+1168587]&#10;	Ordinal0 [0x006DD633+1168947]&#10;	Ordinal0 [0x006F5B35+1268533]&#10;	BaseThreadInitThunk [0x76D26359+25]&#10;	RtlGetAppContainerNamedObjectPath [0x76ED7B74+228]&#10;	RtlGetAppContainerNamedObjectPath [0x76ED7B44+180]&#10;"/>
  </testcase>
  <testcase name="loginTest" classname="com.mavenproj.testcases.TC_LoginDDT_002" time="0">
    <skipped message="unknown error: cannot find Chrome binary&#10;Build info: version: &apos;3.141.59&apos;, revision: &apos;e82be7d358&apos;, time: &apos;2018-11-14T08:17:03&apos;&#10;System info: host: &apos;LAPTOP-F68V0COG&apos;, ip: &apos;192.168.56.1&apos;, os.name: &apos;Windows 10&apos;, os.arch: &apos;amd64&apos;, os.version: &apos;10.0&apos;, java.version: &apos;1.8.0_221&apos;&#10;Driver info: driver.version: ChromeDriver&#10;remote stacktrace: Backtrace:&#10;	Ordinal0 [0x00760C83+1707139]&#10;	Ordinal0 [0x006C68F1+1075441]&#10;	Ordinal0 [0x0063DFC9+516041]&#10;	Ordinal0 [0x005CC70E+50958]&#10;	Ordinal0 [0x005EBFD7+180183]&#10;	Ordinal0 [0x005EBDDD+179677]&#10;	Ordinal0 [0x005E9D4B+171339]&#10;	Ordinal0 [0x005D1D4A+73034]&#10;	Ordinal0 [0x005D2DC0+77248]&#10;	Ordinal0 [0x005D2D59+77145]&#10;	Ordinal0 [0x006DBB67+1162087]&#10;	GetHandleVerifier [0x007FA966+508998]&#10;	GetHandleVerifier [0x007FA6A4+508292]&#10;	GetHandleVerifier [0x0080F7B7+594583]&#10;	GetHandleVerifier [0x007FB1D6+511158]&#10;	Ordinal0 [0x006D402C+1130540]&#10;	Ordinal0 [0x006DD4CB+1168587]&#10;	Ordinal0 [0x006DD633+1168947]&#10;	Ordinal0 [0x006F5B35+1268533]&#10;	BaseThreadInitThunk [0x76D26359+25]&#10;	RtlGetAppContainerNamedObjectPath [0x76ED7B74+228]&#10;	RtlGetAppContainerNamedObjectPath [0x76ED7B44+180]&#10;"/>
  </testcase>
  <testcase name="loginTest" classname="com.mavenproj.testcases.TC_LoginDDT_002" time="0">
    <skipped message="unknown error: cannot find Chrome binary&#10;Build info: version: &apos;3.141.59&apos;, revision: &apos;e82be7d358&apos;, time: &apos;2018-11-14T08:17:03&apos;&#10;System info: host: &apos;LAPTOP-F68V0COG&apos;, ip: &apos;192.168.56.1&apos;, os.name: &apos;Windows 10&apos;, os.arch: &apos;amd64&apos;, os.version: &apos;10.0&apos;, java.version: &apos;1.8.0_221&apos;&#10;Driver info: driver.version: ChromeDriver&#10;remote stacktrace: Backtrace:&#10;	Ordinal0 [0x00760C83+1707139]&#10;	Ordinal0 [0x006C68F1+1075441]&#10;	Ordinal0 [0x0063DFC9+516041]&#10;	Ordinal0 [0x005CC70E+50958]&#10;	Ordinal0 [0x005EBFD7+180183]&#10;	Ordinal0 [0x005EBDDD+179677]&#10;	Ordinal0 [0x005E9D4B+171339]&#10;	Ordinal0 [0x005D1D4A+73034]&#10;	Ordinal0 [0x005D2DC0+77248]&#10;	Ordinal0 [0x005D2D59+77145]&#10;	Ordinal0 [0x006DBB67+1162087]&#10;	GetHandleVerifier [0x007FA966+508998]&#10;	GetHandleVerifier [0x007FA6A4+508292]&#10;	GetHandleVerifier [0x0080F7B7+594583]&#10;	GetHandleVerifier [0x007FB1D6+511158]&#10;	Ordinal0 [0x006D402C+1130540]&#10;	Ordinal0 [0x006DD4CB+1168587]&#10;	Ordinal0 [0x006DD633+1168947]&#10;	Ordinal0 [0x006F5B35+1268533]&#10;	BaseThreadInitThunk [0x76D26359+25]&#10;	RtlGetAppContainerNamedObjectPath [0x76ED7B74+228]&#10;	RtlGetAppContainerNamedObjectPath [0x76ED7B44+180]&#10;"/>
  </testcase>
  <testcase name="loginTest" classname="com.mavenproj.testcases.TC_LoginDDT_002" time="0">
    <skipped message="unknown error: cannot find Chrome binary&#10;Build info: version: &apos;3.141.59&apos;, revision: &apos;e82be7d358&apos;, time: &apos;2018-11-14T08:17:03&apos;&#10;System info: host: &apos;LAPTOP-F68V0COG&apos;, ip: &apos;192.168.56.1&apos;, os.name: &apos;Windows 10&apos;, os.arch: &apos;amd64&apos;, os.version: &apos;10.0&apos;, java.version: &apos;1.8.0_221&apos;&#10;Driver info: driver.version: ChromeDriver&#10;remote stacktrace: Backtrace:&#10;	Ordinal0 [0x00760C83+1707139]&#10;	Ordinal0 [0x006C68F1+1075441]&#10;	Ordinal0 [0x0063DFC9+516041]&#10;	Ordinal0 [0x005CC70E+50958]&#10;	Ordinal0 [0x005EBFD7+180183]&#10;	Ordinal0 [0x005EBDDD+179677]&#10;	Ordinal0 [0x005E9D4B+171339]&#10;	Ordinal0 [0x005D1D4A+73034]&#10;	Ordinal0 [0x005D2DC0+77248]&#10;	Ordinal0 [0x005D2D59+77145]&#10;	Ordinal0 [0x006DBB67+1162087]&#10;	GetHandleVerifier [0x007FA966+508998]&#10;	GetHandleVerifier [0x007FA6A4+508292]&#10;	GetHandleVerifier [0x0080F7B7+594583]&#10;	GetHandleVerifier [0x007FB1D6+511158]&#10;	Ordinal0 [0x006D402C+1130540]&#10;	Ordinal0 [0x006DD4CB+1168587]&#10;	Ordinal0 [0x006DD633+1168947]&#10;	Ordinal0 [0x006F5B35+1268533]&#10;	BaseThreadInitThunk [0x76D26359+25]&#10;	RtlGetAppContainerNamedObjectPath [0x76ED7B74+228]&#10;	RtlGetAppContainerNamedObjectPath [0x76ED7B44+180]&#10;"/>
  </testcase>
  <testcase name="addNewCustomer" classname="com.mavenproj.testcases.TC_AddCustomerTest_003" time="0">
    <skipped message="unknown error: cannot find Chrome binary&#10;Build info: version: &apos;3.141.59&apos;, revision: &apos;e82be7d358&apos;, time: &apos;2018-11-14T08:17:03&apos;&#10;System info: host: &apos;LAPTOP-F68V0COG&apos;, ip: &apos;192.168.56.1&apos;, os.name: &apos;Windows 10&apos;, os.arch: &apos;amd64&apos;, os.version: &apos;10.0&apos;, java.version: &apos;1.8.0_221&apos;&#10;Driver info: driver.version: ChromeDriver&#10;remote stacktrace: Backtrace:&#10;	Ordinal0 [0x00760C83+1707139]&#10;	Ordinal0 [0x006C68F1+1075441]&#10;	Ordinal0 [0x0063DFC9+516041]&#10;	Ordinal0 [0x005CC70E+50958]&#10;	Ordinal0 [0x005EBFD7+180183]&#10;	Ordinal0 [0x005EBDDD+179677]&#10;	Ordinal0 [0x005E9D4B+171339]&#10;	Ordinal0 [0x005D1D4A+73034]&#10;	Ordinal0 [0x005D2DC0+77248]&#10;	Ordinal0 [0x005D2D59+77145]&#10;	Ordinal0 [0x006DBB67+1162087]&#10;	GetHandleVerifier [0x007FA966+508998]&#10;	GetHandleVerifier [0x007FA6A4+508292]&#10;	GetHandleVerifier [0x0080F7B7+594583]&#10;	GetHandleVerifier [0x007FB1D6+511158]&#10;	Ordinal0 [0x006D402C+1130540]&#10;	Ordinal0 [0x006DD4CB+1168587]&#10;	Ordinal0 [0x006DD633+1168947]&#10;	Ordinal0 [0x006F5B35+1268533]&#10;	BaseThreadInitThunk [0x76D26359+25]&#10;	RtlGetAppContainerNamedObjectPath [0x76ED7B74+228]&#10;	RtlGetAppContainerNamedObjectPath [0x76ED7B44+180]&#10;"/>
  </testcase>
</testsuite>